[    0.000000] Initializing cgroup subsys cpuset
[    0.000000] Initializing cgroup subsys cpu
[    0.000000] Initializing cgroup subsys cpuacct
[    0.000000] Linux version 4.4.0-92-generic (buildd@lcy01-17) (gcc version 5.4.0 20160609 (Ubuntu 5.4.0-6ubuntu1~16.04.4) ) #115-Ubuntu SMP Thu Aug 10 09:04:33 UTC 2017 (Ubuntu 4.4.0-92.115-generic 4.4.76)
[    0.000000] Command line: BOOT_IMAGE=/boot/vmlinuz-4.4.0-92-generic root=LABEL=cloudimg-rootfs ro console=tty1 console=ttyS0
[    0.000000] KERNEL supported cpus:
[    0.000000]   Intel GenuineIntel
[    0.000000]   AMD AuthenticAMD
[    0.000000]   Centaur CentaurHauls
[    0.000000] x86/fpu: xstate_offset[2]:  576, xstate_sizes[2]:  256
[    0.000000] x86/fpu: Supporting XSAVE feature 0x01: 'x87 floating point registers'
[    0.000000] x86/fpu: Supporting XSAVE feature 0x02: 'SSE registers'
[    0.000000] x86/fpu: Supporting XSAVE feature 0x04: 'AVX registers'
[    0.000000] x86/fpu: Enabled xstate features 0x7, context size is 832 bytes, using 'standard' format.
[    0.000000] x86/fpu: Using 'lazy' FPU context switches.
[    0.000000] e820: BIOS-provided physical RAM map:
[    0.000000] BIOS-e820: [mem 0x0000000000000000-0x000000000009fbff] usable
[    0.000000] BIOS-e820: [mem 0x000000000009fc00-0x000000000009ffff] reserved
[    0.000000] BIOS-e820: [mem 0x00000000000f0000-0x00000000000fffff] reserved
[    0.000000] BIOS-e820: [mem 0x0000000000100000-0x000000003ffeffff] usable
[    0.000000] BIOS-e820: [mem 0x000000003fff0000-0x000000003fffffff] ACPI data
[    0.000000] BIOS-e820: [mem 0x00000000fec00000-0x00000000fec00fff] reserved
[    0.000000] BIOS-e820: [mem 0x00000000fee00000-0x00000000fee00fff] reserved
[    0.000000] BIOS-e820: [mem 0x00000000fffc0000-0x00000000ffffffff] reserved
[    0.000000] NX (Execute Disable) protection: active
[    0.000000] SMBIOS 2.5 present.
[    0.000000] Hypervisor detected: KVM
[    0.000000] e820: last_pfn = 0x3fff0 max_arch_pfn = 0x400000000
[    0.000000] MTRR: Disabled
[    0.000000] x86/PAT: MTRRs disabled, skipping PAT initialization too.
[    0.000000] x86/PAT: Configuration [0-7]: WB  WT  UC- UC  WB  WT  UC- UC  
[    0.000000] CPU MTRRs all blank - virtualized system.
[    0.000000] found SMP MP-table at [mem 0x0009fff0-0x0009ffff] mapped at [ffff88000009fff0]
[    0.000000] Scanning 1 areas for low memory corruption
[    0.000000] RAMDISK: [mem 0x36ac8000-0x3755bfff]
[    0.000000] ACPI: Early table checksum verification disabled
[    0.000000] ACPI: RSDP 0x00000000000E0000 000024 (v02 VBOX  )
[    0.000000] ACPI: XSDT 0x000000003FFF0030 00003C (v01 VBOX   VBOXXSDT 00000001 ASL  00000061)
[    0.000000] ACPI: FACP 0x000000003FFF00F0 0000F4 (v04 VBOX   VBOXFACP 00000001 ASL  00000061)
[    0.000000] ACPI: DSDT 0x000000003FFF0470 0021C8 (v02 VBOX   VBOXBIOS 00000002 INTL 20100528)
[    0.000000] ACPI: FACS 0x000000003FFF0200 000040
[    0.000000] ACPI: FACS 0x000000003FFF0200 000040
[    0.000000] ACPI: APIC 0x000000003FFF0240 00005C (v02 VBOX   VBOXAPIC 00000001 ASL  00000061)
[    0.000000] ACPI: SSDT 0x000000003FFF02A0 0001CC (v01 VBOX   VBOXCPUT 00000002 INTL 20100528)
[    0.000000] No NUMA configuration found
[    0.000000] Faking a node at [mem 0x0000000000000000-0x000000003ffeffff]
[    0.000000] NODE_DATA(0) allocated [mem 0x3ffeb000-0x3ffeffff]
[    0.000000] kvm-clock: Using msrs 4b564d01 and 4b564d00
[    0.000000] kvm-clock: cpu 0, msr 0:3ffe3001, primary cpu clock
[    0.000000] kvm-clock: using sched offset of 3007223219 cycles
[    0.000000] clocksource: kvm-clock: mask: 0xffffffffffffffff max_cycles: 0x1cd42e4dffb, max_idle_ns: 881590591483 ns
[    0.000000] Zone ranges:
[    0.000000]   DMA      [mem 0x0000000000001000-0x0000000000ffffff]
[    0.000000]   DMA32    [mem 0x0000000001000000-0x000000003ffeffff]
[    0.000000]   Normal   empty
[    0.000000]   Device   empty
[    0.000000] Movable zone start for each node
[    0.000000] Early memory node ranges
[    0.000000]   node   0: [mem 0x0000000000001000-0x000000000009efff]
[    0.000000]   node   0: [mem 0x0000000000100000-0x000000003ffeffff]
[    0.000000] Initmem setup node 0 [mem 0x0000000000001000-0x000000003ffeffff]
[    0.000000] ACPI: PM-Timer IO Port: 0x4008
[    0.000000] IOAPIC[0]: apic_id 2, version 32, address 0xfec00000, GSI 0-23
[    0.000000] ACPI: INT_SRC_OVR (bus 0 bus_irq 0 global_irq 2 dfl dfl)
[    0.000000] ACPI: INT_SRC_OVR (bus 0 bus_irq 9 global_irq 9 high level)
[    0.000000] Using ACPI (MADT) for SMP configuration information
[    0.000000] smpboot: Allowing 2 CPUs, 0 hotplug CPUs
[    0.000000] PM: Registered nosave memory: [mem 0x00000000-0x00000fff]
[    0.000000] PM: Registered nosave memory: [mem 0x0009f000-0x0009ffff]
[    0.000000] PM: Registered nosave memory: [mem 0x000a0000-0x000effff]
[    0.000000] PM: Registered nosave memory: [mem 0x000f0000-0x000fffff]
[    0.000000] e820: [mem 0x40000000-0xfebfffff] available for PCI devices
[    0.000000] Booting paravirtualized kernel on KVM
[    0.000000] clocksource: refined-jiffies: mask: 0xffffffff max_cycles: 0xffffffff, max_idle_ns: 7645519600211568 ns
[    0.000000] setup_percpu: NR_CPUS:512 nr_cpumask_bits:512 nr_cpu_ids:2 nr_node_ids:1
[    0.000000] PERCPU: Embedded 33 pages/cpu @ffff88003fc00000 s98264 r8192 d28712 u1048576
[    0.000000] PV qspinlock hash table entries: 256 (order: 0, 4096 bytes)
[    0.000000] Built 1 zonelists in Node order, mobility grouping on.  Total pages: 257913
[    0.000000] Policy zone: DMA32
[    0.000000] Kernel command line: BOOT_IMAGE=/boot/vmlinuz-4.4.0-92-generic root=LABEL=cloudimg-rootfs ro console=tty1 console=ttyS0
[    0.000000] PID hash table entries: 4096 (order: 3, 32768 bytes)
[    0.000000] Memory: 1001744K/1048120K available (8474K kernel code, 1294K rwdata, 3984K rodata, 1488K init, 1316K bss, 46376K reserved, 0K cma-reserved)
[    0.000000] SLUB: HWalign=64, Order=0-3, MinObjects=0, CPUs=2, Nodes=1
[    0.000000] Hierarchical RCU implementation.
[    0.000000] 	Build-time adjustment of leaf fanout to 64.
[    0.000000] 	RCU restricting CPUs from NR_CPUS=512 to nr_cpu_ids=2.
[    0.000000] RCU: Adjusting geometry for rcu_fanout_leaf=64, nr_cpu_ids=2
[    0.000000] NR_IRQS:33024 nr_irqs:440 16
[    0.000000] Console: colour VGA+ 80x25
[    0.000000] console [tty1] enabled
[    0.000000] console [ttyS0] enabled
[    0.000000] tsc: Detected 2699.998 MHz processor
[    4.040490] Calibrating delay loop (skipped) preset value.. 5399.99 BogoMIPS (lpj=10799992)
[    4.042428] pid_max: default: 32768 minimum: 301
[    4.043464] ACPI: Core revision 20150930
[    4.045241] ACPI: 2 ACPI AML tables successfully acquired and loaded
[    4.046721] Security Framework initialized
[    4.047725] Yama: becoming mindful.
[    4.070826] AppArmor: AppArmor initialized
[    4.077388] Dentry cache hash table entries: 131072 (order: 8, 1048576 bytes)
[    4.084660] Inode-cache hash table entries: 65536 (order: 7, 524288 bytes)
[    4.093069] Mount-cache hash table entries: 2048 (order: 2, 16384 bytes)
[    4.115002] Mountpoint-cache hash table entries: 2048 (order: 2, 16384 bytes)
[    4.116637] Initializing cgroup subsys io
[    4.117577] Initializing cgroup subsys memory
[    4.126860] Initializing cgroup subsys devices
[    4.133718] Initializing cgroup subsys freezer
[    4.134724] Initializing cgroup subsys net_cls
[    4.135727] Initializing cgroup subsys perf_event
[    4.136802] Initializing cgroup subsys net_prio
[    4.143295] Initializing cgroup subsys hugetlb
[    4.144297] Initializing cgroup subsys pids
[    4.145328] CPU: Physical Processor ID: 0
[    4.146255] CPU: Processor Core ID: 0
[    4.148095] mce: CPU supports 0 MCE banks
[    4.158689] Last level iTLB entries: 4KB 64, 2MB 8, 4MB 8
[    4.159952] Last level dTLB entries: 4KB 64, 2MB 0, 4MB 0, 1GB 4
[    4.168791] Freeing SMP alternatives memory: 32K (ffffffff820b9000 - ffffffff820c1000)
[    4.178052] ftrace: allocating 32131 entries in 126 pages
[    4.226980] smpboot: APIC(0) Converting physical 0 to logical package 0
[    4.233914] smpboot: Max logical packages: 1
[    4.235146] x2apic enabled
[    4.256551] Switched APIC routing to physical x2apic.
[    4.258794] ..TIMER: vector=0x30 apic1=0 pin1=2 apic2=-1 pin2=-1
[    4.371668] smpboot: CPU0: Intel(R) Core(TM) i5-5257U CPU @ 2.70GHz (family: 0x6, model: 0x3d, stepping: 0x4)
[    4.391538] Performance Events: unsupported p6 CPU model 61 no PMU driver, software events only.
[    4.393632] KVM setup paravirtual spinlock
[    4.395188] x86: Booting SMP configuration:
[    4.396159] .... node  #0, CPUs:      #1
[    4.398303] kvm-clock: cpu 1, msr 0:3ffe3041, secondary cpu clock
[    4.424897] mce: CPU supports 0 MCE banks
[    4.441875] x86: Booted up 1 node, 2 CPUs
[    4.464828] smpboot: Total of 2 processors activated (10799.99 BogoMIPS)
[    4.466594] devtmpfs: initialized
[    4.490325] evm: security.selinux
[    4.501526] evm: security.SMACK64
[    4.542853] evm: security.SMACK64EXEC
[    4.547164] evm: security.SMACK64TRANSMUTE
[    4.548128] evm: security.SMACK64MMAP
[    4.548997] evm: security.ima
[    4.563507] evm: security.capability
[    4.572444] clocksource: jiffies: mask: 0xffffffff max_cycles: 0xffffffff, max_idle_ns: 7645041785100000 ns
[    4.649114] futex hash table entries: 512 (order: 3, 32768 bytes)
[    4.702596] pinctrl core: initialized pinctrl subsystem
[    4.746101] RTC time: 12:53:38, date: 08/24/17
[    4.781306] NET: Registered protocol family 16
[    4.844905] cpuidle: using governor ladder
[    4.863999] cpuidle: using governor menu
[    4.903985] PCCT header not found.
[    4.932219] ACPI: bus type PCI registered
[    4.933264] acpiphp: ACPI Hot Plug PCI Controller Driver version: 0.5
[    4.935811] PCI: Using configuration type 1 for base access
[    4.953167] ACPI: Added _OSI(Module Device)
[    4.983987] ACPI: Added _OSI(Processor Device)
[    5.024400] ACPI: Added _OSI(3.0 _SCP Extensions)
[    5.060032] ACPI: Added _OSI(Processor Aggregator Device)
[    5.109768] ACPI: Executed 1 blocks of module-level executable AML code
[    5.160498] ACPI: Interpreter enabled
[    5.188458] ACPI: (supports S0 S5)
[    5.223758] ACPI: Using IOAPIC for interrupt routing
[    5.259320] PCI: Using host bridge windows from ACPI; if necessary, use "pci=nocrs" and report a bug
[    5.331966] ACPI: PCI Root Bridge [PCI0] (domain 0000 [bus 00-ff])
[    5.372906] acpi PNP0A03:00: _OSC: OS supports [ASPM ClockPM Segments MSI]
[    5.426698] acpi PNP0A03:00: _OSC failed (AE_NOT_FOUND); disabling ASPM
[    5.486524] acpi PNP0A03:00: fail to add MMCONFIG information, can't access extended PCI configuration space under this bridge.
[    5.567421] PCI host bridge to bus 0000:00
[    5.600589] pci_bus 0000:00: root bus resource [io  0x0000-0x0cf7 window]
[    5.650562] pci_bus 0000:00: root bus resource [io  0x0d00-0xffff window]
[    5.693273] pci_bus 0000:00: root bus resource [mem 0x000a0000-0x000bffff window]
[    5.760926] pci_bus 0000:00: root bus resource [mem 0x40000000-0xffdfffff window]
[    5.822726] pci_bus 0000:00: root bus resource [bus 00-ff]
[    5.882941] pci 0000:00:01.1: legacy IDE quirk: reg 0x10: [io  0x01f0-0x01f7]
[    5.943121] pci 0000:00:01.1: legacy IDE quirk: reg 0x14: [io  0x03f6]
[    5.950423] pci 0000:00:01.1: legacy IDE quirk: reg 0x18: [io  0x0170-0x0177]
[    6.004768] pci 0000:00:01.1: legacy IDE quirk: reg 0x1c: [io  0x0376]
[    6.047808] pci 0000:00:07.0: quirk: [io  0x4000-0x403f] claimed by PIIX4 ACPI
[    6.056010] pci 0000:00:07.0: quirk: [io  0x4100-0x410f] claimed by PIIX4 SMB
[    6.082397] ACPI: PCI Interrupt Link [LNKA] (IRQs 5 9 10 *11)
[    6.111612] ACPI: PCI Interrupt Link [LNKB] (IRQs 5 9 10 *11)
[    6.125291] ACPI: PCI Interrupt Link [LNKC] (IRQs 5 9 *10 11)
[    6.128203] ACPI: PCI Interrupt Link [LNKD] (IRQs 5 *9 10 11)
[    6.140060] ACPI: Enabled 2 GPEs in block 00 to 07
[    6.141869] vgaarb: setting as boot device: PCI:0000:00:02.0
[    6.155316] vgaarb: device added: PCI:0000:00:02.0,decodes=io+mem,owns=io+mem,locks=none
[    6.183604] vgaarb: loaded
[    6.184331] vgaarb: bridge control possible 0000:00:02.0
[    6.198878] SCSI subsystem initialized
[    6.212643] ACPI: bus type USB registered
[    6.224452] usbcore: registered new interface driver usbfs
[    6.225648] usbcore: registered new interface driver hub
[    6.233866] usbcore: registered new device driver usb
[    6.240729] PCI: Using ACPI for IRQ routing
[    6.299544] NetLabel: Initializing
[    6.300452] NetLabel:  domain hash size = 128
[    6.301516] NetLabel:  protocols = UNLABELED CIPSOv4
[    6.325652] NetLabel:  unlabeled traffic allowed by default
[    6.344771] amd_nb: Cannot enumerate AMD northbridges
[    6.355419] clocksource: Switched to clocksource kvm-clock
[    6.364223] AppArmor: AppArmor Filesystem Enabled
[    6.434837] pnp: PnP ACPI init
[    6.436546] pnp: PnP ACPI: found 3 devices
[    6.462363] clocksource: acpi_pm: mask: 0xffffff max_cycles: 0xffffff, max_idle_ns: 2085701024 ns
[    6.494757] NET: Registered protocol family 2
[    6.495934] TCP established hash table entries: 8192 (order: 4, 65536 bytes)
[    6.497410] TCP bind hash table entries: 8192 (order: 5, 131072 bytes)
[    6.514890] TCP: Hash tables configured (established 8192 bind 8192)
[    6.516270] UDP hash table entries: 512 (order: 2, 16384 bytes)
[    6.531717] UDP-Lite hash table entries: 512 (order: 2, 16384 bytes)
[    6.533079] NET: Registered protocol family 1
[    6.534079] pci 0000:00:00.0: Limiting direct PCI/PCI transfers
[    6.535355] pci 0000:00:01.0: Activating ISA DMA hang workarounds
[    6.538010] Unpacking initramfs...
[    8.248804] Freeing initrd memory: 10832K (ffff880036ac8000 - ffff88003755c000)
[    8.280185] RAPL PMU detected, API unit is 2^-32 Joules, 4 fixed counters 10737418240 ms ovfl timer
[    8.439543] hw unit of domain pp0-core 2^-0 Joules
[    8.440731] hw unit of domain package 2^-0 Joules
[    8.515155] hw unit of domain dram 2^-0 Joules
[    8.561058] hw unit of domain pp1-gpu 2^-0 Joules
[    8.597415] platform rtc_cmos: registered platform RTC device (no PNP device found)
[    8.673605] Scanning for low memory corruption every 60 seconds
[    8.782870] audit: initializing netlink subsys (disabled)
[    8.833304] audit: type=2000 audit(1503579221.712:1): initialized
[    8.893494] Initialise system trusted keyring
[    8.926583] HugeTLB registered 2 MB page size, pre-allocated 0 pages
[    8.984251] zbud: loaded
[    9.024737] VFS: Disk quotas dquot_6.6.0
[    9.097300] VFS: Dquot-cache hash table entries: 512 (order 0, 4096 bytes)
[    9.245001] squashfs: version 4.0 (2009/01/31) Phillip Lougher
[    9.348242] fuse init (API version 7.23)
[    9.354050] Key type big_key registered
[    9.419334] Allocating IMA MOK and blacklist keyrings.
[    9.525367] Key type asymmetric registered
[    9.561036] Asymmetric key parser 'x509' registered
[    9.604152] tsc: Refined TSC clocksource calibration: 2700.045 MHz
[    9.611614] Block layer SCSI generic (bsg) driver version 0.4 loaded (major 249)
[    9.667458] io scheduler noop registered
ÿ[    9.667461] io scheduler deadline registered (default)
[    9.667505] io scheduler cfq registered
[    9.667599] pci_hotplug: PCI Hot Plug PCI Core version: 0.5
[    9.667604] pciehp: PCI Express Hot Plug Controller Driver version: 0.4
[    9.667911] ACPI: AC Adapter [AC] (off-line)
[    9.667962] input: Power Button as /devices/LNXSYSTM:00/LNXPWRBN:00/input/input0
[    9.667964] ACPI: Power Button [PWRF]
[    9.668023] input: Sleep Button as /devices/LNXSYSTM:00/LNXSLPBN:00/input/input1
[    9.668024] ACPI: Sleep Button [SLPF]
[    9.668152] GHES: HEST is not enabled!
[    9.669036] ACPI: Battery Slot [BAT0] (battery present)
[    9.739589] Serial: 8250/16550 driver, 32 ports, IRQ sharing enabled
[    9.819507] 00:02: ttyS0 at I/O 0x3f8 (irq = 4, base_baud = 115200) is a 16550A
[    9.822401] Linux agpgart interface v0.103
[    9.824749] loop: module loaded
[    9.825232] scsi host0: ata_piix
[    9.825277] scsi host1: ata_piix
[    9.825302] ata1: PATA max UDMA/33 cmd 0x1f0 ctl 0x3f6 bmdma 0xd000 irq 14
[    9.825303] ata2: PATA max UDMA/33 cmd 0x170 ctl 0x376 bmdma 0xd008 irq 15
[    9.825362] libphy: Fixed MDIO Bus: probed
[    9.825364] tun: Universal TUN/TAP device driver, 1.6
[    9.825364] tun: (C) 1999-2004 Max Krasnyansky <maxk@qualcomm.com>
[    9.825650] PPP generic driver version 2.4.2
[    9.825695] ehci_hcd: USB 2.0 'Enhanced' Host Controller (EHCI) Driver
[    9.825698] ehci-pci: EHCI PCI platform driver
[    9.825713] ehci-platform: EHCI generic platform driver
[    9.825720] ohci_hcd: USB 1.1 'Open' Host Controller (OHCI) Driver
[    9.825725] ohci-pci: OHCI PCI platform driver
[    9.825732] ohci-platform: OHCI generic platform driver
[    9.825737] uhci_hcd: USB Universal Host Controller Interface driver
[    9.825784] i8042: PNP: PS/2 Controller [PNP0303:PS2K,PNP0f03:PS2M] at 0x60,0x64 irq 1,12
[    9.856531] serio: i8042 KBD port at 0x60,0x64 irq 1
[    9.856536] serio: i8042 AUX port at 0x60,0x64 irq 12
[    9.856650] mousedev: PS/2 mouse device common for all mice
[    9.856918] rtc_cmos rtc_cmos: rtc core: registered rtc_cmos as rtc0
[    9.856967] rtc_cmos rtc_cmos: alarms up to one day, 114 bytes nvram
[    9.856972] i2c /dev entries driver
[    9.857024] device-mapper: uevent: version 1.0.3
[    9.857068] device-mapper: ioctl: 4.34.0-ioctl (2015-10-28) initialised: dm-devel@redhat.com
[    9.857085] ledtrig-cpu: registered to indicate activity on CPUs
[    9.857335] NET: Registered protocol family 10
[    9.857455] NET: Registered protocol family 17
[    9.857464] Key type dns_resolver registered
[    9.861176] microcode: CPU0 sig=0x306d4, pf=0x40, revision=0x0
[    9.861187] microcode: CPU1 sig=0x306d4, pf=0x40, revision=0x0
[    9.861238] microcode: Microcode Update Driver: v2.01 <tigran@aivazian.fsnet.co.uk>, Peter Oruba
[    9.861338] registered taskstats version 1
[    9.861350] Loading compiled-in X.509 certificates
[    9.861918] Loaded X.509 cert 'Build time autogenerated kernel key: 01a2b0d0dba8d37a863918580fc16590a7d146c8'
[    9.861931] zswap: loaded using pool lzo/zbud
[    9.863095] Key type trusted registered
[    9.865149] Key type encrypted registered
[    9.865155] AppArmor: AppArmor sha1 policy hashing enabled
[    9.865157] ima: No TPM chip found, activating TPM-bypass!
[    9.865172] evm: HMAC attrs: 0x1
[    9.865440]   Magic number: 13:427:886
[    9.865707] rtc_cmos rtc_cmos: setting system clock to 2017-08-24 12:53:43 UTC (1503579223)
[    9.865789] BIOS EDD facility v0.16 2004-Jun-25, 0 devices found
[    9.865789] EDD information not available.
[    9.940555] input: AT Translated Set 2 keyboard as /devices/platform/i8042/serio0/input/input2
[   11.368676] clocksource: tsc: mask: 0xffffffffffffffff max_cycles: 0x26eb692267a, max_idle_ns: 440795317019 ns
[   11.480689] Freeing unused kernel memory: 1488K (ffffffff81f45000 - ffffffff820b9000)
[   11.578088] Write protecting the kernel read-only data: 14336k
[   11.580017] Freeing unused kernel memory: 1752K (ffff88000184a000 - ffff880001a00000)
[   11.585709] Freeing unused kernel memory: 112K (ffff880001de4000 - ffff880001e00000)
Loading, please wait...
[   11.599284] random: systemd-udevd: uninitialized urandom read (16 bytes read, 5 bits of entropy available)
starting version[   11.599863] random: udevadm: uninitialized urandom read (16 bytes read, 5 bits of entropy available)
 229
[   11.599895] random: udevadm: uninitialized urandom read (16 bytes read, 5 bits of entropy available)
[   11.599991] random: udevadm: uninitialized urandom read (16 bytes read, 5 bits of entropy available)
[   11.600025] random: udevadm: uninitialized urandom read (16 bytes read, 5 bits of entropy available)
[   11.600059] random: udevadm: uninitialized urandom read (16 bytes read, 5 bits of entropy available)
[   11.600091] random: udevadm: uninitialized urandom read (16 bytes read, 5 bits of entropy available)
[   11.600125] random: udevadm: uninitialized urandom read (16 bytes read, 5 bits of entropy available)
[   11.600155] random: udevadm: uninitialized urandom read (16 bytes read, 5 bits of entropy available)
[   11.600186] random: udevadm: uninitialized urandom read (16 bytes read, 5 bits of entropy available)
[   12.758945] e1000: Intel(R) PRO/1000 Network Driver - version 7.3.21-k8-NAPI
[   12.765302] e1000: Copyright (c) 1999-2006 Intel Corporation.
[   12.775763] Fusion MPT base driver 3.04.20
[   12.814842] Copyright (c) 1999-2008 LSI Corporation
[   12.855621] Fusion MPT SPI Host driver 3.04.20
[   12.927455] AVX version of gcm_enc/dec engaged.
[   12.931513] AES CTR mode by8 optimization enabled
[   12.977650] input: ImExPS/2 Generic Explorer Mouse as /devices/platform/i8042/serio1/input/input4
[   13.204389] e1000 0000:00:03.0 eth0: (PCI:33MHz:32-bit) 02:21:85:d0:49:10
[   13.338151] e1000 0000:00:03.0 eth0: Intel(R) PRO/1000 Network Connection
[   13.827482] e1000 0000:00:08.0 eth1: (PCI:33MHz:32-bit) 08:00:27:11:bb:e1
[   13.837905] e1000 0000:00:08.0 eth1: Intel(R) PRO/1000 Network Connection
[   14.129131] e1000 0000:00:03.0 enp0s3: renamed from eth0
[   14.132372] mptbase: ioc0: Initiating bringup
[   14.190299] e1000 0000:00:08.0 enp0s8: renamed from eth1
[   14.244050] ioc0: LSI53C1030 A0: Capabilities={Initiator}
[   14.471212] scsi host2: ioc0: LSI53C1030 A0, FwRev=00000000h, Ports=1, MaxQ=256, IRQ=20
[   14.725318] scsi 2:0:0:0: Direct-Access     VBOX     HARDDISK         1.0  PQ: 0 ANSI: 5
[   14.815791] scsi target2:0:0: Beginning Domain Validation
[   14.821383] scsi target2:0:0: Domain Validation skipping write tests
[   14.908980] scsi target2:0:0: Ending Domain Validation
[   14.918162] scsi target2:0:0: asynchronous
[   14.920076] scsi 2:0:1:0: Direct-Access     VBOX     HARDDISK         1.0  PQ: 0 ANSI: 5
[   14.929692] scsi target2:0:1: Beginning Domain Validation
[   14.931675] scsi target2:0:1: Domain Validation skipping write tests
[   14.936534] scsi target2:0:1: Ending Domain Validation
[   14.937860] scsi target2:0:1: asynchronous
[   15.009081] sd 2:0:0:0: [sda] 20971520 512-byte logical blocks: (10.7 GB/10.0 GiB)
[   15.009106] sd 2:0:0:0: Attached scsi generic sg0 type 0
[   15.009464] sd 2:0:1:0: Attached scsi generic sg1 type 0
[   15.009600] sd 2:0:1:0: [sdb] 20480 512-byte logical blocks: (10.5 MB/10.0 MiB)
[   15.009696] sd 2:0:1:0: [sdb] Write Protect is off
[   15.009760] sd 2:0:1:0: [sdb] Incomplete mode parameter data
[   15.009761] sd 2:0:1:0: [sdb] Assuming drive cache: write through
[   15.011167] sd 2:0:1:0: [sdb] Attached SCSI disk
[   15.857563] floppy0: no floppy controllers found
[   15.857601] work still pending
[   15.982483] sd 2:0:0:0: [sda] Write Protect is off
[   16.029262] sd 2:0:0:0: [sda] Incomplete mode parameter data
[   16.039197] sd 2:0:0:0: [sda] Assuming drive cache: write through
[   16.088181]  sda: sda1
[   16.112988] sd 2:0:0:0: [sda] Attached SCSI disk
Begin: Loading e[   17.465832] md: linear personality registered for level -1
ssential drivers[   17.630043] md: multipath personality registered for level -4
 ... [   17.693142] md: raid0 personality registered for level 0
[   17.696718] md: raid1 personality registered for level 1
[   17.912101] raid6: sse2x1   gen()  9847 MB/s
[   18.137202] raid6: sse2x1   xor()  7418 MB/s
[   18.281208] raid6: sse2x2   gen() 12899 MB/s
[   18.467522] raid6: sse2x2   xor()  8283 MB/s
[   18.647708] raid6: sse2x4   gen() 13997 MB/s
[   18.827639] raid6: sse2x4   xor() 10259 MB/s
[   18.907862] raid6: using algorithm sse2x4 gen() 13997 MB/s
[   19.027749] raid6: .... xor() 10259 MB/s, rmw enabled
[   19.108852] raid6: using ssse3x2 recovery algorithm
[   19.212645] xor: automatically using best checksumming function:
[   19.263521]    avx       : 18908.000 MB/sec
[   19.330643] async_tx: api initialized (async)
[   19.431301] md: raid6 personality registered for level 6
[   19.570749] md: raid5 personality registered for level 5
[   19.700989] md: raid4 personality registered for level 4
[   19.930843] md: raid10 personality registered for level 10
done.
Begin: Running /scripts/init-premount ... done[   20.125342] Btrfs loaded
.
Begin: Mounting root file system ... Begin: Running /scripts/local-top ... done.
Begin: Running /scripts/local-premount ... Scanning for Btrfs filesystems
done.
Warning: fsck no[   20.180537] EXT4-fs (sda1): mounted filesystem with ordered data mode. Opts: (null)
t present, so skipping root file system
done.
Begin: Running /scripts/local-bottom ... done.
Begin: Running /scripts/init-bottom ... done.
[   20.311256] systemd[1]: systemd 229 running in system mode. (+PAM +AUDIT +SELINUX +IMA +APPARMOR +SMACK +SYSVINIT +UTMP +LIBCRYPTSETUP +GCRYPT +GNUTLS +ACL +XZ -LZ4 +SECCOMP +BLKID +ELFUTILS +KMOD -IDN)
[   20.392441] systemd[1]: Detected virtualization oracle.
[   20.402292] systemd[1]: Detected architecture x86-64.

Welcome to [1mUbuntu 16.04.3 LTS[0m!

[   20.417902] systemd[1]: Set hostname to <ubuntu-xenial>.
[   20.527076] systemd[1]: Started Trigger resolvconf update for networkd DNS.
[[0;32m  OK  [0m] Started Trigger resolvconf update for networkd DNS.
[   20.541506] systemd[1]: Listening on udev Control Socket.
[[0;32m  OK  [0m] Listening on udev Control Socket.
[   20.554426] systemd[1]: Listening on LVM2 metadata daemon socket.
[[0;32m  OK  [0m] Listening on LVM2 metadata daemon socket.
[   20.557086] systemd[1]: Listening on Device-mapper event daemon FIFOs.
[[0;32m  OK  [0m] Listening on Device-mapper event daemon FIFOs.
[   20.583134] systemd[1]: Reached target Swap.
[[0;32m  OK  [0m] Reached target Swap.
[   20.591994] systemd[1]: Set up automount Arbitrary Executable File Formats File System Automount Point.
[[0;32m  OK  [0m] Set up automount Arbitrary Executab...ats File System Automount Point.
[   20.625223] systemd[1]: Listening on Journal Socket.
[[0;32m  OK  [0m] Listening on Journal Socket.
[   20.658696] systemd[1]: Listening on Journal Socket (/dev/log).
[[0;32m  OK  [0m] Listening on Journal Socket (/dev/log).
[   20.708894] systemd[1]: Started Forward Password Requests to Wall Directory Watch.
[[0;32m  OK  [0m] Started Forward Password Requests to Wall Directory Watch.
[   20.717198] systemd[1]: Listening on /dev/initctl Compatibility Named Pipe.
[[0;32m  OK  [0m] Listening on /dev/initctl Compatibility Named Pipe.
[   20.723730] systemd[1]: Listening on LVM2 poll daemon socket.
[[0;32m  OK  [0m] Listening on LVM2 poll daemon socket.
[   20.747683] systemd[1]: Listening on Syslog Socket.
[[0;32m  OK  [0m] Listening on Syslog Socket.
[   20.879844] systemd[1]: Reached target Encrypted Volumes.
[[0;32m  OK  [0m] Reached target Encrypted Volumes.
[   21.128333] systemd[1]: Created slice System Slice.
[[0;32m  OK  [0m] Created slice System Slice.
[   21.348297] systemd[1]: Mounting POSIX Message Queue File System...
[   21.353308] random: nonblocking pool is initialized
         Mounting POSIX Message Queue File System...
[   21.483718] systemd[1]: Starting Load Kernel Modules...
[   21.533041] Loading iSCSI transport class v2.0-870.
         Startin[   21.546468] iscsi: registered transport (tcp)
g Load Kernel Modules...
[   21.590327] iscsi: registered transport (iser)
[   21.639903] systemd[1]: Mounting Huge Pages File System...
         Mounting Huge Pages File System...
[   21.772016] systemd[1]: Starting Create list of required static device nodes for the current kernel...
         Starting Create list of required st... nodes for the current kernel...
[   22.075957] systemd[1]: Starting Uncomplicated firewall...
         Starting Uncomplicated firewall...
[   22.264146] systemd[1]: Starting Nameserver information manager...
         Starting Nameserver information manager...
[   22.476193] systemd[1]: Starting Remount Root and Kernel File Systems...
[   22.479903] EXT4-fs (sda1): re-mounted. Opts: (null)
         Starting Remount Root and Kernel File Systems...
[   22.707859] systemd[1]: Reached target Use  and Group Name Lookups.
[[0;32m  OK  [0m] Reached target User and Group Name Lookups.
[   23.052177] systemd[1]: Starting Set console keymap...
         Starting Set console keymap...
[   23.219613] systemd[1]: Mounting Debug File System...
         Mounting Debug File System...
[   23.351802] systemd[1]: Listening on udev Kernel Socket.
[[0;32m  OK  [0m] Listening on udev Kernel Socket.
[   23.587867] systemd[1]: Created slice User and Session Slice.
[[0;32m  OK  [0m] Created slice User and Session Slice.
[   23.679829] systemd[1]: Reached target Slices.
[[0;32m  OK  [0m] Reached target Slices.
[   23.744363] systemd[1]: Created slice system-serial\x2dgetty.slice.
[[0;32m  OK  [0m] Created slice system-serial\x2dgetty.slice.
[   23.804211] systemd[1]: Starting Monitoring of LVM2 mirrors, snapshots etc. using dmeventd or progress polling...
         Starting Monitoring of LVM2 mirrors... dmeventd or progress polling...
[   24.107327] systemd[1]: Listening on Journal Audit Socket.
[[0;32m  OK  [0m] Listening on Journal Audit Socket.
[   24.316252] systemd[1]: Starting Journal Service...
         Starting Journal Service...
[   24.396726] systemd[1]: Mounted Debug File System.
[[0;32m  OK  [0m] Mounted Debug File System.
[   24.564652] systemd[1]: Mounted POSIX Message Queue File System.
[[0;32m  OK  [0m] Mounted POSIX Message Queue File System.
[   24.767985] systemd[1]: Mounted Huge Pages File System.
[[0;32m  OK  [0m] Mounted Huge Pages File System.
[   24.851658] systemd[1]: Started Journal Service.
[[0;32m  OK  [0m] Started Journal Service.
[[0;32m  OK  [0m] Started Load Kernel Modules.
[[0;32m  OK  [0m] Started Create list of required sta...ce nodes for the current kernel.
[[0;32m  OK  [0m] Started Uncomplicated firewall.
[[0;32m  OK  [0m] Started Remount Root and Kernel File Systems.
[[0;32m  OK  [0m] Started Set console keymap.
[[0;32m  OK  [0m] Started Nameserver information manager.
[[0;32m  OK  [0m] Started LVM2 metadata daemon.
         Starting udev Coldplug all Devices...
         Starting Load/Save Random Seed...
         Starting Initial cloud-init job (pre-networking)...
         Starting Create Static Device Nodes in /dev...
         Starting Apply Kernel Variables...
         Mounting FUSE Control File System...
         Starting Flush Journal to Persistent Storage...
[[0;32m  OK  [0m] Mounted FUSE Control File System.
[[0;32m  OK  [0m] Started Load/Save Random Seed.
[[0;32m  OK  [0m] Started Create Static Device Nodes in /dev.
[[0;32m  OK  [0m] Started Apply Kernel Variables.
[[0;32m  OK  [0m] Started Flush Journal to Persistent Storage.
[[0;32m  OK  [0m] Started udev Coldplug all Devices.
         Starting udev Kernel Device Manager...
[[0;32m  OK  [0m] Started udev Kernel Device Manager.
[[0;32m  OK  [0m] Started Dispatch Password Requests to Console Directory Watch.
[[0;32m  OK  [0m] Found device /dev/ttyS0.
[[0;32m  OK  [0m] Started Monitoring of LVM2 mirrors,...ng dmeventd or progress polling.
[[0;32m  OK  [0m] Reached target Local File Systems (Pre).
[[0;32m  OK  [0m] Reached target Local File Systems.
         Starting Create Volatile Files and Directories...
         Starting LSB: AppArmor initialization...
         Starting Set console font and keymap...
         Starting Tell Plymouth To Write Out Runtime Data...
[[0;32m  OK  [0m] Started Create Volatile Files and Directories.
[[0;32m  OK  [0m] Started Tell Plymouth To Write Out Runtime Data.
[   20.253296] cloud-init[451]: Cloud-init v. 0.7.9 running 'init-local' at Thu, 24 Aug 2017 12:53:59 +0000. Up 19.84 seconds.
[[0;32m  OK  [0m] Started Initial cloud-init job (pre-networking).
[[0;32m  OK  [0m] Listening on Load/Save RF Kill Switch Status /dev/rfkill Watch.
[[0;32m  OK  [0m] Reached target Network (Pre).
         Starting Update UTMP about System Boot/Shutdown...
[[0;32m  OK  [0m] Reached target System Time Synchronized.
[[0;32m  OK  [0m] Started LSB: AppArmor initialization.
[[0;32m  OK  [0m] Started Set console font and keymap.
[[0;32m  OK  [0m] Found device 82540EM Gigabit Ethern...r (PRO/1000 MT Desktop Adapter).
[[0;32m  OK  [0m] Created slice system-getty.slice.
         Starting Raise network interfaces...
[[0;32m  OK  [0m] Started ifup for enp0s3.
[[0;32m  OK  [0m] Started Update UTMP about System Boot/Shutdown.
[[0;32m  OK  [0m] Started Raise network interfaces.
[[0;32m  OK  [0m] Reached target Network.
         Starting Initial cloud-init job (metadata service crawler)...
[   23.962306] cloud-init[988]: Cloud-init v. 0.7.9 running 'init' at Thu, 24 Aug 2017 12:54:03 +0000. Up 23.56 seconds.
[   23.996521] cloud-init[988]: ci-info: ++++++++++++++++++++++++++++++++++++++Net device info++++++++++++++++++++++++++++++++++++++
[   24.002490] cloud-init[988]: ci-info: +--------+-------+----------------------------+---------------+-------+-------------------+
[   24.006479] cloud-init[988]: ci-info: | Device |   Up  |          Address           |      Mask     | Scope |     Hw-Address    |
[[0;32m  OK  [0m] Started Initial cloud-init job (metadata service crawler).
[   24.032026] [cloud-init[0;32m  OK  [0m[988]: ] ci-info: +--------+-------+----------------------------+---------------+-------+-------------------+Reached target Cloud-config availability.

[   24.084569] cloud-init[988]: ci-info: | enp0s3 |  True |         10.0.2.15          | 255.255.255.0 |   .   | 02:21:85:d0:49:10 |
[[0;32m  OK  [0m] Reached target System Initialization.
[[0;32m  OK  [0m] Listening on UUID daemon activation socket.
[[0;32m  OK  [0m] Listening on D-Bus System Message Bus Socket.
[   24.085498] cloud-init[988]: ci-info: | enp0s3 |  True | fe80::21:85ff:fed0:4910/64 |       .       |  link | 02:21:85:d0:49:10 |
[   24.135419] [cloud-init[0;32m  OK  [0m[988]: ] ci-info: |   lo   |  True |         127.0.0.1          |   255.0.0.0   |   .   |         .         |Started ACPI Events Check.

[   24.135977] [cloud-init[0;32m  OK  [0m[988]: ] ci-info: |   lo   |  True |          ::1/128           |       .       |  host |         .         |Reached target Paths.

[   24.173194]          cloud-initStarting Socket activation for snappy daemon.[988]: 
ci-info: | enp0s8 | False |             .              |       .       |   .   | 08:00:27:11:bb:e1 |
[   24.230236] [cloud-init[0;32m  OK  [0m[988]: ] ci-info: +--------+-------+----------------------------+---------------+-------+-------------------+Started Daily Cleanup of Temporary Directories.

[   24.230903] cloud-init[988]: ci-info: +++++++++++++++++++++++++++Route IPv4 info++++++++++++++++++++++++++++
[[0;32m  OK  [0m] Listening on ACPID Listen Socket.
[   24.249471] cloud-init[988]: ci-info: +-------+-------------+----------+---------------+-----------+-------+
[   24.320575] [cloud-init[0;32m  OK  [0m[988]: ] ci-info: | Route | Destination | Gateway  |    Genmask    | Interface | Flags |Started Timer to automatically refresh installed snaps.

[   24.322062] cloud-init[988]: ci-info: +-------+-------------+----------+---------------+-----------+-------+
[   24.406435] cloud-init[988]: ci-info: |   0   |   0.0.0.0   | 10.0.2.2 |    0.0.0.0    |   enp0s3  |   UG  |
         Starting LXD - unix socket.
[   24.407381] [cloud-init[0;32m  OK  [0m[988]: ] ci-info: |   1   |   10.0.2.0  | 0.0.0.0  | 255.255.255.0 |   enp0s3  |   U   |Reached target Network is Online.

[[0;32m  OK  [0m] Started Daily apt download activities.
[[0;32m  OK  [0m] Started Daily apt upgrade and clean activities.
[   24.498366] cloud-init[988]: ci-info: +-------+-------------+----------+---------------+-----------+-------+
[[0;32m  OK  [0m] Reached target Timers.
         Starting iSCSI initiator daemon (iscsid)...
[[0;32m  OK  [0m] Listening on Socket activation for snappy daemon.
[[0;32m  OK  [0m] Listening on LXD - unix socket.
[[0;32m  OK  [0m] Started iSCSI initiator daemon (iscsid).
         Starting Login to default iSCSI targets...
[[0;32m  OK  [0m] Reached target Sockets.
[[0;32m  OK  [0m] Reached target Basic System.
         Starting /etc/rc.local Compatibility...
         Starting Apply the settings specified in cloud-config...
         Starting Login Service...
         Starting System Logging Service...
         Starting LXD - container startup/shutdown...
         Starting LSB: MD monitoring daemon...
         Starting Accounts Service...
[[0;32m  OK  [0m] Started Unattended Upgrades Shutdown.
[[0;32m  OK  [0m] Started D-Bus System Message Bus.
         Starting LSB: Record successful boot for GRUB...
         Starting OpenBSD Secure Shell server...
[[0;32m  OK  [0m] Started Deferred execution scheduler.
[[0;32m  OK  [0m] Started FUSE filesystem for LXC.
[[0;32m  OK  [0m] Started Regular background program processing daemon.
[[0;32m  OK  [0m] Started ACPI event daemon.
[[0;32m  OK  [0m] Started Snappy daemon.
         Starting Auto import assertions from block devices...
[[0;32m  OK  [0m] Started System Logging Service.
[[0;32m  OK  [0m] Started OpenBSD Secure Shell server.
[[0;32m  OK  [0m] Started /etc/rc.local Compatibility.
[[0;32m  OK  [0m] Started LXD - container startup/shutdown.
[[0;32m  OK  [0m] Started Auto import assertions from block devices.
[[0;32m  OK  [0m] Started LSB: MD monitoring daemon.
[[0;32m  OK  [0m] Started Login to default iSCSI targets.
[[0;32m  OK  [0m] Started LSB: Record successful boot for GRUB.
         Starting Authenticate and Authorize Users to Run Privileged Tasks...
[[0;32m  OK  [0m] Reached target Remote File Systems (Pre).
[[0;32m  OK  [0m] Reached target Remote File Systems.
         Starting Permit User Sessions...
         Starting LSB: Set the CPU Frequency Scaling governor to "ondemand"...
         Starting LSB: automatic crash report generation...
         Starting LSB: daemon to balance interrupts for SMP systems...
         Starting LSB: VirtualBox Linux Additions...
[[0;32m  OK  [0m] Started Permit User Sessions.
[[0;32m  OK  [0m] Started Login Service.
[[0;32m  OK  [0m] Started Authenticate and Authorize Users to Run Privileged Tasks.
[[0;32m  OK  [0m] Started Accounts Service.
[   25.668001] cloud-init[1050]: Cloud-init v. 0.7.9 running 'modules:config' at Thu, 24 Aug 2017 12:54:05 +0000. Up 25.50 seconds.
[[0;32m  OK  [0m] Started LSB: Set the CPU Frequency Scaling governor to "ondemand".
[[0;32m  OK  [0m] Started Apply the settings specified in cloud-config.
[[0;32m  OK  [0m] Created slice User Slice of ubuntu.
         Starting User Manager for UID 1000...
[[0;32m  OK  [0m] Started Session 1 of user ubuntu.
         Starting Terminate Plymouth Boot Screen...
         Starting Hold until boot process finishes up...
[[0;32m  OK  [0m] Started LSB: automatic crash report generation.
[[0;32m  OK  [0m] Started LSB: daemon to balance interrupts for SMP systems.
[[0;32m  OK  [0m] Started Terminate Plymouth Boot Screen.
[[0;32m  OK  [0m] Started LSB: VirtualBox Linux Additions.
[[0;32m  OK  [0m] Started Hold until boot process finishes up.
[[0;32m  OK  [0m] Started User Manager for UID 1000.
[[0;32m  OK  [0m] Started Getty on tty1.
[[0;32m  OK  [0m] Started Serial Getty on ttyS0.
[[0;32m  OK  [0m] Reached target Login Prompts.
         Starting Set console scheme...
[[0;32m  OK  [0m] Reached target Multi-User System.
         Starting Execute cloud user/final scripts...
[[0;32m  OK  [0m] Reached target Graphical Interface.
         Starting Update UTMP about System Runlevel Changes...
[[0;32m  OK  [0m] Started Set console scheme.
[[0;32m  OK  [0m] Started Update UTMP about System Runlevel Changes.
[   26.648176] cloud-init[1234]: Cloud-init v. 0.7.9 running 'modules:final' at Thu, 24 Aug 2017 12:54:06 +0000. Up 26.54 seconds.
[   26.740577] [cloud-init[0;32m  OK  [0m[1234]: ] Cloud-init v. 0.7.9 finished at Thu, 24 Aug 2017 12:54:06 +0000. Datasource DataSourceNoCloud [seed=/dev/sdb][dsmode=net].  Up 26.63 secondsStarted Execute cloud user/final scripts.

[[0;32m  OK  [0m] Reached target Cloud-init target.

Ubuntu 16.04.3 LTS ubuntu-xenial ttyS0

ubuntu-xenial login: [[0;32m[         Stopping LSB: Set the CPU Frequency Scaling governor to "ondemand"...
         Stopping LSB: VirtualBox Linux Additions...
         Stopping Regular background program processing daemon...
         Stopping LSB: automatic crash report generation...
         Stopping LXD - container startup/shutdown...
         Stopping Deferred execution scheduler...
         Stopping LSB: Record successful boot for GRUB...
         Stopping LSB: MD monitoring daemon...
         Stopping LSB: daemon to balance interrupts for SMP systems...
         Stopping User Manager for UID 1000...
         Stopping Session 3 of user ubuntu.
         Stopping Unattended Upgrades Shutdown...
         Stopping ACPI event daemon...
         Stopping Snappy daemon...
[[0;32m  OK  [0m] Stopped Apply the settings specified in cloud-config.
[[0;32m  OK  [0m] Stopped target Cloud-config availability.
         Stopping D-Bus System Message Bus...
         Stopping FUSE filesystem for LXC...
[[0;32m  OK  [0m] Stopped target Timers.
[[0;32m  OK  [0m] Stopped Timer to automatically refresh installed snaps.
[[0;32m  OK  [0m] Stopped Daily Cleanup of Temporary Directories.
[[0;32m  OK  [0m] Stopped Daily apt upgrade and clean activities.
         Stopping OpenBSD Secure Shell server...
[[0;32m  OK  [0m] Stopped Daily apt download activities.
[[0;32m  OK  [0m] Stopped target System Time Synchronized.
         Stopping System Logging Service...
[[0;32m  OK  [0m] Unmounted /var/lib/lxcfs.
[[0;32m  OK  [0m] Stopped System Logging Service.
[[0;32m  OK  [0m] Stopped Accounts Service.
[[0;32m  OK  [0m] Stopped OpenBSD Secure Shell server.
[[0;32m  OK  [0m] Stopped Deferred execution scheduler.
[[0;32m  OK  [0m] Stopped Regular background program processing daemon.
[[0;32m  OK  [0m] Stopped ACPI event daemon.
[[0;32m  OK  [0m] Stopped Snappy daemon.
[[0;32m  OK  [0m] Stopped Authenticate and Authorize Users to Run Privileged Tasks.
[[0;32m  OK  [0m] Stopped Getty on tty1.
[[0;32m  OK  [0m] Stopped Serial Getty on ttyS0.
[[0;32m  OK  [0m] Stopped User Manager for UID 1000.
[[0;32m  OK  [0m] Stopped Session 3 of user ubuntu.
[[0;32m  OK  [0m] Stopped Unattended Upgrades Shutdown.
[[0;32m  OK  [0m] Stopped D-Bus System Message Bus.
[[0;32m  OK  [0m] Stopped FUSE filesystem for LXC.
[[0;32m  OK  [0m] Stopped LSB: Set the CPU Frequency Scaling governor to "ondemand".
[[0;32m  OK  [0m] Stopped LSB: automatic crash report generation.
[[0;32m  OK  [0m] Stopped LSB: VirtualBox Linux Additions.
[[0;32m  OK  [0m] Stopped LXD - container startup/shutdown.
[[0;32m  OK  [0m] Stopped LSB: Record successful boot for GRUB.
[[0;32m  OK  [0m] Stopped LSB: MD monitoring daemon.
[[0;32m  OK  [0m] Stopped LSB: daemon to balance interrupts for SMP systems.
[[0;32m  OK  [0m] Removed slice User Slice of ubuntu.
         Stopping Login Service...
[[0;32m  OK  [0m] Removed slice system-serial\x2dgetty.slice.
[[0;32m  OK  [0m] Stopped /etc/rc.local Compatibility.
         Stopping Permit User Sessions...
[[0;32m  OK  [0m] Removed slice system-getty.slice.
[[0;32m  OK  [0m] Stopped Login Service.
[[0;32m  OK  [0m] Stopped Permit User Sessions.
[[0;32m  OK  [0m] Stopped target Remote File Systems.
[[0;32m  OK  [0m] Stopped target Remote File Systems (Pre).
         Stopping Login to default iSCSI targets...
[[0;32m  OK  [0m] Stopped target User and Group Name Lookups.
[[0;32m  OK  [0m] Stopped target Basic System.
[[0;32m  OK  [0m] Stopped target Sockets.
[[0;32m  OK  [0m] Closed D-Bus System Message Bus Socket.
[[0;32m  OK  [0m] Closed UUID daemon activation socket.
[[0;32m  OK  [0m] Closed Socket activation for snappy daemon.
[[0;32m  OK  [0m] Closed ACPID Listen Socket.
[[0;32m  OK  [0m] Closed Syslog Socket.
[[0;32m  OK  [0m] Closed LXD - unix socket.
[[0;32m  OK  [0m] Stopped target Slices.
[[0;32m  OK  [0m] Removed slice User and Session Slice.
[[0;32m  OK  [0m] Stopped target Paths.
[[0;32m  OK  [0m] Stopped ACPI Events Check.
[[0;32m  OK  [0m] Stopped target System Initialization.
[[0;32m  OK  [0m] Stopped target Swap.
         Stopping Load/Save Random Seed...
[[0;32m  OK  [0m] Stopped target Encrypted Volumes.
         Stopping Update UTMP about System Boot/Shutdown...
[[0;32m  OK  [0m] Stopped Forward Password Requests to Wall Directory Watch.
[[0;32m  OK  [0m] Stopped Dispatch Password Requests to Console Directory Watch.
[[0;32m  OK  [0m] Stopped Load/Save Random Seed.
[[0;32m  OK  [0m] Stopped Login to default iSCSI targets.
[[0;32m  OK  [0m] Stopped Update UTMP about System Boot/Shutdown.
[[0;32m  OK  [0m] Stopped Create Volatile Files and Directories.
         Stopping iSCSI initiator daemon (iscsid)...
[[0;32m  OK  [0m] Stopped iSCSI initiator daemon (iscsid).
[[0;32m  OK  [0m] Stopped target Network is Online.
[[0;32m  OK  [0m] Stopped Initial cloud-init job (metadata service crawler).
[[0;32m  OK  [0m] Stopped target Network.
         Stopping Raise network interfaces...
[[0;32m  OK  [0m] Stopped Raise network interfaces.
[[0;32m  OK  [0m] Stopped target Local File Systems.
         Unmounting /vagrant...
         Unmounting /run/user/1000...
[[0;32m  OK  [0m] Stopped Apply Kernel Variables.
[[0;32m  OK  [0m] Stopped Load Kernel Modules.
[[0;32m  OK  [0m] Stopped target Network (Pre).
[[0;32m  OK  [0m] Stopped Initial cloud-init job (pre-networking).
[[0;32m  OK  [0m] Unmounted /vagrant.
[[0;32m  OK  [0m] Unmounted /run/user/1000.
[[0;32m  OK  [0m] Reached target Unmount All Filesystems.
[[0;32m  OK  [0m] Stopped target Local File Systems (Pre).
[[0;32m  OK  [0m] Stopped Create Static Device Nodes in /dev.
         Stopping Monitoring of LVM2 mirrors... dmeventd or progress polling...
[[0;32m  OK  [0m] Stopped Remount Root and Kernel File Systems.
[[0;32m  OK  [0m] Reached target Shutdown.
[   70.709412] reboot: Power down
